Fetching https://github.com/skywinder/github-changelog-generator
The dependency rb-readline (= 0.5.5) will be unused by any of the platforms Bundler is installing for. Bundler is installing for ruby but the dependency is only for x86-mswin32, x86-mingw32, x64-mingw32. To add those platforms to the bundle, run `bundle lock --add-platform x86-mswin32 x86-mingw32 x64-mingw32`.
The dependency puppet-module-win-default-r2.5 (~> 0.3) will be unused by any of the platforms Bundler is installing for. Bundler is installing for ruby but the dependency is only for x86-mswin32, x86-mingw32, x64-mingw32. To add those platforms to the bundle, run `bundle lock --add-platform x86-mswin32 x86-mingw32 x64-mingw32`.
The dependency puppet-module-win-dev-r2.5 (~> 0.4) will be unused by any of the platforms Bundler is installing for. Bundler is installing for ruby but the dependency is only for x86-mswin32, x86-mingw32, x64-mingw32. To add those platforms to the bundle, run `bundle lock --add-platform x86-mswin32 x86-mingw32 x64-mingw32`.
Fetching gem metadata from https://gem.fury.io/cmccrisken-puppet/..
Fetching gem metadata from https://gem.fury.io/cmccrisken-puppet/.
Fetching gem metadata from https://rubygems.org/.........
Fetching gem metadata from https://gem.fury.io/cmccrisken-puppet/.
Fetching gem metadata from https://gem.fury.io/cmccrisken-puppet/.
Fetching gem metadata from https://rubygems.org/..
Resolving dependencies....
Unable to use the platform-specific (universal-darwin) version of facter (2.5.7) because it has different dependencies from the ruby version. To use the platform-specific version of the gem, run `bundle config specific_platform true` and install again.
Unable to use the platform-specific (universal-darwin) version of puppet (6.12.0) because it has different dependencies from the ruby version. To use the platform-specific version of the gem, run `bundle config specific_platform true` and install again.
Fetching rake 12.3.3
Installing rake 12.3.3
Fetching CFPropertyList 2.3.6
Fetching minitest 5.14.0
Fetching concurrent-ruby 1.1.5
Installing CFPropertyList 2.3.6
Installing minitest 5.14.0
Fetching thread_safe 0.3.6
Installing concurrent-ruby 1.1.5
Fetching public_suffix 4.0.3
Installing thread_safe 0.3.6
Installing public_suffix 4.0.3
Fetching ansi 1.5.0
Fetching ast 2.4.0
Installing ansi 1.5.0
Installing ast 2.4.0
Fetching aws-eventstream 1.0.3
Fetching aws-partitions 1.269.0
Fetching jmespath 1.4.0
Installing aws-eventstream 1.0.3
Fetching bindata 2.4.4
Installing aws-partitions 1.269.0
Fetching highline 1.6.21
Installing jmespath 1.4.0
Fetching optimist 3.0.0
Installing bindata 2.4.4
Installing highline 1.6.21
Installing optimist 3.0.0
Fetching little-plugger 1.1.4
Fetching multi_json 1.14.1
Fetching minitar 0.9
Installing little-plugger 1.1.4
Fetching net-ssh 5.2.0
Installing multi_json 1.14.1
Installing minitar 0.9
Fetching multipart-post 2.1.1
Fetching connection_pool 2.2.2
Installing net-ssh 5.2.0
Installing multipart-post 2.1.1
Installing connection_pool 2.2.2
Fetching deep_merge 1.2.1
Fetching facter 2.5.7
Installing deep_merge 1.2.1
Fetching fast_gettext 1.1.2
Fetching hiera 3.6.0
Installing facter 2.5.7
Installing fast_gettext 1.1.2
Installing hiera 3.6.0
Fetching httpclient 2.8.3
Fetching locale 2.1.2
Installing httpclient 2.8.3
Installing locale 2.1.2
Fetching hocon 1.3.0
Fetching semantic_puppet 1.0.2
Installing semantic_puppet 1.0.2
Installing hocon 1.3.0
Fetching rgen 0.8.2
Installing rgen 0.8.2
Fetching yard 0.9.24
Installing yard 0.9.24
Fetching colored2 3.1.2
Installing colored2 3.1.2
Fetching cri 2.15.6
Fetching text 1.3.1
Installing cri 2.15.6
Installing text 1.3.1
Fetching log4r 1.1.10
Fetching rubyntlm 0.6.2
Installing log4r 1.1.10
Installing rubyntlm 0.6.2
Fetching windows_error 0.1.2
Fetching unicode-display_width 1.6.1
Installing windows_error 0.1.2
Installing unicode-display_width 1.6.1
Fetching builder 3.2.4
Fetching erubi 1.9.0
Installing builder 3.2.4
Installing erubi 1.9.0
Fetching ffi 1.9.25
Fetching nori 2.6.0
Installing nori 2.6.0
Fetching rubyzip 2.2.0
Installing ffi 1.9.25 with native extensions
Installing rubyzip 2.2.0
Using bundler 2.0.2
Fetching byebug 11.1.1
Installing byebug 11.1.1 with native extensions
Using json 2.1.0
Fetching docile 1.3.2
Installing docile 1.3.2
Fetching simplecov-html 0.11.0
Installing simplecov-html 0.11.0
Fetching url 0.3.2
Installing url 0.3.2
Fetching coderay 1.1.2
Installing coderay 1.1.2
Fetching parallel 1.19.1
Installing parallel 1.19.1
Fetching diff-lcs 1.3
Fetching excon 0.72.0
Installing diff-lcs 1.3
Fetching unf_ext 0.0.7.6
Installing excon 0.72.0
Fetching equatable 0.6.1
Installing equatable 0.6.1
Installing unf_ext 0.0.7.6 with native extensions
Fetching jgrep 1.5.1
Installing jgrep 1.5.1
Fetching rainbow 2.2.2
Installing rainbow 2.2.2 with native extensions
Fetching retriable 3.1.2
Installing retriable 3.1.2
Fetching hirb 0.7.3
Installing hirb 0.7.3
Fetching hitimes 1.3.0
Installing hitimes 1.3.0 with native extensions
Fetching http-form_data 2.2.0
Installing http-form_data 2.2.0
Fetching http-accept 1.7.0
Installing http-accept 1.7.0
Fetching json_pure 2.1.0
Fetching metaclass 0.0.4
Installing json_pure 2.1.0
Installing metaclass 0.0.4
Fetching spdx-licenses 1.2.0
Installing spdx-licenses 1.2.0
Fetching method_source 0.8.2
Fetching mime-types-data 3.2019.1009
Installing method_source 0.8.2
Fetching necromancer 0.5.1
Installing mime-types-data 3.2019.1009
Installing necromancer 0.5.1
Fetching net-telnet 0.1.1
Fetching netrc 0.11.0
Fetching tty-color 0.5.1
Installing net-telnet 0.1.1
Installing netrc 0.11.0
Fetching pathspec 0.2.1
Fetching tty-cursor 0.7.1
Installing tty-color 0.5.1
Fetching tty-screen 0.7.1
Installing tty-cursor 0.7.1
Installing pathspec 0.2.1
Fetching wisper 2.0.1
Installing tty-screen 0.7.1
Fetching tty-which 0.4.2
Fetching powerpack 0.1.2
Installing wisper 2.0.1
Installing tty-which 0.4.2
Fetching slop 3.6.0
Installing powerpack 0.1.2
Installing slop 3.6.0
Fetching puppet-lint 2.4.2
Fetching puppet-module-posix-default-r2.5 0.4.3
Fetching rspec-support 3.9.2
Installing puppet-lint 2.4.2
Installing rspec-support 3.9.2
Fetching ruby-progressbar 1.10.1
Installing ruby-progressbar 1.10.1
Installing puppet-module-posix-default-r2.5 0.4.3
Fetching sfl 2.3
Fetching tzinfo 1.2.6
Fetching addressable 2.7.0
Installing sfl 2.3
Fetching parser 2.5.1.2
Installing tzinfo 1.2.6
Installing addressable 2.7.0
Fetching i18n 1.8.2
Installing parser 2.5.1.2
Installing i18n 1.8.2
Fetching aws-sigv4 1.1.0
Fetching hiera-eyaml 3.2.0
Installing aws-sigv4 1.1.0
Fetching logging 2.2.2
Installing hiera-eyaml 3.2.0
Installing logging 2.2.2
Fetching faraday 0.14.0
Fetching net-http-persistent 3.1.0
Installing faraday 0.14.0
Installing net-http-persistent 3.1.0
Fetching net-scp 1.2.1
Fetching puppet-resource_api 1.8.7
Fetching gettext 3.2.9
Installing net-scp 1.2.1
Installing puppet-resource_api 1.8.7
Fetching terminal-table 1.8.0
Installing gettext 3.2.9
Installing terminal-table 1.8.0
Fetching ruby_smb 1.1.0
Fetching gyoku 1.3.1
Installing ruby_smb 1.1.0
Installing gyoku 1.3.1
Fetching puppet-strings 2.3.1
Installing puppet-strings 2.3.1
Fetching simplecov 0.18.1
Installing simplecov 0.18.1
Fetching parallel_tests 2.14.2
Installing parallel_tests 2.14.2
Fetching docker-api 1.34.2
Fetching facterdb 0.8.2
Installing docker-api 1.34.2
Fetching gssapi 1.3.0
Installing gssapi 1.3.0
Installing facterdb 0.8.2
Fetching childprocess 0.7.1
Installing childprocess 0.7.1
Fetching ffi-compiler 1.0.1
Installing ffi-compiler 1.0.1
Fetching unf 0.1.4
Installing unf 0.1.4
Fetching mocha 1.1.0
Installing mocha 1.1.0
Fetching mime-types 3.3.1
Installing mime-types 3.3.1
Fetching pastel 0.7.3
Installing pastel 0.7.3
Fetching tty-spinner 0.9.3
Installing tty-spinner 0.9.3
Fetching tty-reader 0.7.0
Installing tty-reader 0.7.0
Fetching pry 0.10.4
Installing pry 0.10.4
Fetching rspec-core 3.9.1
Installing rspec-core 3.9.1
Fetching rspec-expectations 3.9.0
Installing rspec-expectations 3.9.0
Fetching rspec-mocks 3.9.1
Installing rspec-mocks 3.9.1
Fetching json-schema 2.8.0
Fetching activesupport 5.2.4.1
Installing json-schema 2.8.0
Installing activesupport 5.2.4.1
Fetching aws-sdk-core 3.89.1
Installing aws-sdk-core 3.89.1
Fetching rubocop 0.49.1
Fetching orchestrator_client 0.4.3
Installing orchestrator_client 0.4.3
Installing rubocop 0.49.1
Fetching faraday_middleware 0.12.2
Fetching faraday-http-cache 2.0.0
Installing faraday_middleware 0.12.2
Installing faraday-http-cache 2.0.0
Fetching sawyer 0.8.2
Fetching specinfra 2.77.1
Installing sawyer 0.8.2
Installing specinfra 2.77.1
Fetching puppet 6.12.0
Installing puppet 6.12.0
Fetching codecov 0.1.16
Installing codecov 0.1.16
Fetching simplecov-console 0.4.2
Installing simplecov-console 0.4.2
Fetching winrm 2.3.4
Installing winrm 2.3.4
Fetching http-parser 1.2.1
Installing http-parser 1.2.1 with native extensions
Fetching domain_name 0.5.20190701
Installing domain_name 0.5.20190701
Fetching tty-prompt 0.20.0
Installing tty-prompt 0.20.0
Fetching pry-byebug 3.8.0
Fetching rspec_junit_formatter 0.4.1
Installing pry-byebug 3.8.0
Installing rspec_junit_formatter 0.4.1
Fetching rspec-its 1.3.0
Fetching gettext-setup 0.34
Installing rspec-its 1.3.0
Installing gettext-setup 0.34
Fetching rspec 3.9.0
Fetching metadata-json-lint 2.2.0
Installing rspec 3.9.0
Fetching aws-sdk-ec2 1.137.0
Installing metadata-json-lint 2.2.0
Installing aws-sdk-ec2 1.137.0
Fetching octokit 4.15.0
Fetching rubocop-i18n 1.2.0
Installing rubocop-i18n 1.2.0
Installing octokit 4.15.0
Fetching rubocop-rspec 1.16.0
Installing rubocop-rspec 1.16.0
Fetching winrm-fs 1.3.4
Installing winrm-fs 1.3.4
Fetching http-cookie 1.0.3
Installing http-cookie 1.0.3
Fetching puppet_forge 2.3.1
Fetching pdk 1.15.0
Installing puppet_forge 2.3.1
Installing pdk 1.15.0
Fetching rspec-puppet 2.7.8
Installing rspec-puppet 2.7.8
Fetching serverspec 2.41.5
Installing serverspec 2.41.5
Using github_changelog_generator 1.15.0.pre.rc from https://github.com/skywinder/github-changelog-generator (at 20ee04b@20ee04b)
Fetching http 4.3.0
Installing http 4.3.0
Fetching rest-client 2.1.0
Installing rest-client 2.1.0
Fetching r10k 3.4.0
Fetching dependency_checker 0.2.0
Installing dependency_checker 0.2.0
Installing r10k 3.4.0
Fetching libhoney 1.14.4
Installing libhoney 1.14.4
Fetching puppet-blacksmith 5.0.0
Installing puppet-blacksmith 5.0.0
Fetching honeycomb-beeline 1.3.0
Installing honeycomb-beeline 1.3.0
Fetching bolt 1.48.0
Fetching puppet-syntax 2.6.1
Fetching puppet_pot_generator 1.0.1
Installing puppet_pot_generator 1.0.1
Installing puppet-syntax 2.6.1
Fetching rspec-puppet-facts 1.9.6
Installing bolt 1.48.0
Installing rspec-puppet-facts 1.9.6
Fetching puppetlabs_spec_helper 2.14.1
Installing puppetlabs_spec_helper 2.14.1
Fetching puppet_litmus 0.15.0
Installing puppet_litmus 0.15.0
Fetching puppet-module-posix-dev-r2.5 0.4.3
Installing puppet-module-posix-dev-r2.5 0.4.3
Bundle complete! 9 Gemfile dependencies, 162 gems now installed.
Bundled gems are installed into `./.bundle/gems`
Post-install message from i18n:

HEADS UP! i18n 1.1 changed fallbacks to exclude default locale.
But that may break your application.

If you are upgrading your Rails application from an older version of Rails:

Please check your Rails app for 'config.i18n.fallbacks = true'.
If you're using I18n (>= 1.1.0) and Rails (< 5.2.2), this should be
'config.i18n.fallbacks = [I18n.default_locale]'.
If not, fallbacks will be broken in your app by I18n 1.1.x.

If you are starting a NEW Rails application, you can ignore this notice.

For more info see:
https://github.com/svenfuchs/i18n/releases/tag/v1.1.0

Post-install message from minitar:
The `minitar` executable is no longer bundled with `minitar`. If you are
expecting this executable, make sure you also install `minitar-cli`.
Post-install message from metadata-json-lint:

----------------------------------------------------------
    For the most accurate results, the semantic_puppet
    gem should be included within your Gemfile if you
    use Puppet <= 4.8.x
----------------------------------------------------------
Cloning into 'spec/fixtures/modules/provision'...
Cloning into 'spec/fixtures/modules/facts'...
Cloning into 'spec/fixtures/modules/puppet_agent'...
I, [2020-02-04T16:08:14.574598 #99210]  INFO -- : Creating symlink from spec/fixtures/modules/stdlib to /Users/ciaran.mccrisken/puppetlabs/pdksync/modules_pdksync/puppetlabs-stdlib
I, [2020-02-04T16:08:14.575171 #99210]  INFO -- : Creating symlink from spec/fixtures/modules/test to /Users/ciaran.mccrisken/puppetlabs/pdksync/modules_pdksync/puppetlabs-stdlib/spec/fixtures/test
localhost:2222, waffleimage/centos7
install_agent
Built
Installed
================
localhost:2222, waffleimage/centos7
.....

Finished in 32.95 seconds (files took 4.28 seconds to load)
5 examples, 0 failures

Libhoney::Client: no writekey configured, disabling sending events
pid 99671 exit 0
Successful on 1 nodes: ["localhost:2222, waffleimage/centos7"]
localhost:2222: success

